<!DOCTYPE html PUBLIC "-//W3C//DTD XHTML 1.1//EN" "http://www.w3.org/TR/xhtml11/DTD/xhtml11.dtd">
<html xmlns="http://www.w3.org/1999/xhtml">
<head>
<meta http-equiv="content-type" content="text/html; charset=UTF-8"/>
<title>TestNG Report</title>
<style type="text/css">table {margin-bottom:10px;border-collapse:collapse;empty-cells:show}th,td {border:1px solid #009;padding:.25em .5em}th {vertical-align:bottom}td {vertical-align:top}table a {font-weight:bold}.stripe td {background-color: #E6EBF9}.num {text-align:right}.passedodd td {background-color: #3F3}.passedeven td {background-color: #0A0}.skippedodd td {background-color: #DDD}.skippedeven td {background-color: #CCC}.failedodd td,.attn {background-color: #F33}.failedeven td,.stripe .attn {background-color: #D00}.stacktrace {white-space:pre;font-family:monospace}.totop {font-size:85%;text-align:center;border-bottom:2px solid #000}.invisible {display:none}</style>
</head>
<body>
<table>
<tr><th>Test</th><th># Passed</th><th># Skipped</th><th># Retried</th><th># Failed</th><th>Time (ms)</th><th>Included Groups</th><th>Excluded Groups</th></tr>
<tr><th colspan="8">Default suite</th></tr>
<tr><td><a href="#t0">Default test</a></td><td class="num">0</td><td class="num">0</td><td class="num">0</td><td class="num attn">3</td><td class="num">149,243</td><td></td><td></td></tr>
</table>
<table id='summary'><thead><tr><th>Class</th><th>Method</th><th>Start</th><th>Time (ms)</th></tr></thead><tbody><tr><th colspan="4">Default suite</th></tr></tbody><tbody id="t0"><tr><th colspan="4">Default test &#8212; failed</th></tr><tr class="failedeven"><td rowspan="3">com.mobile.es.runnerfiles.FibeMobileTestNGRunner</td><td><a href="#m0">runScenario</a></td><td rowspan="3">1679397493950</td><td rowspan="3">51</td></tr><tr class="failedeven"><td><a href="#m1">runScenario</a></td></tr><tr class="failedeven"><td><a href="#m2">runScenario</a></td></tr></tbody>
</table>
<h2>Default test</h2><h3 id="m0">com.mobile.es.runnerfiles.FibeMobileTestNGRunner#runScenario</h3><table class="result"><tr class="param"><th>Parameter #1</th><th>Parameter #2</th></tr><tr class="param stripe"><td>&quot;Happy flow for limit enhancement&quot;</td><td>&quot;LimitEnhancement&quot;</td></tr><tr><th colspan="2">Exception</th></tr><tr><td colspan="2"><div class="stacktrace">org.openqa.selenium.WebDriverException: An unknown server-side error occurred while processing the command. Original error: &apos;POST /element&apos; cannot be proxied to UiAutomator2 server because the instrumentation process is not running (probably crashed). Check the server log and/or the logcat output for more details
Build info: version: &apos;4.1.1&apos;, revision: &apos;e8fcc2cecf&apos;
System info: host: &apos;ES-PUN-LT-388&apos;, ip: &apos;192.168.35.49&apos;, os.name: &apos;Windows 10&apos;, os.arch: &apos;amd64&apos;, os.version: &apos;10.0&apos;, java.version: &apos;17.0.2&apos;
Driver info: io.appium.java_client.android.AndroidDriver
Command: [ba0e7efe-d845-41ea-84f3-8277f36bfa72, findElement {using=xpath, value=//androidx.cardview.widget.CardView[@resource-id=&apos;com.earlysalary.android:id/card_complete_profile&apos;]}]
Capabilities {appium:appActivity: ui.main.views.activities.Sp..., appium:appPackage: com.earlysalary.android, appium:autoGrantPermissions: true, appium:automationName: Appium, appium:databaseEnabled: false, appium:desired: {appActivity: ui.main.views.activities.Sp..., appPackage: com.earlysalary.android, autoGrantPermissions: true, automationName: Appium, loggingPrefs: {server: WARNING}, platformName: android, platformVersion: 12, webStorageEnabled: true}, appium:deviceApiLevel: 31, appium:deviceManufacturer: samsung, appium:deviceModel: SM-G975F, appium:deviceName: RZ8M316LQAL, appium:deviceScreenDensity: 280, appium:deviceScreenSize: 720x1520, appium:deviceUDID: RZ8M316LQAL, appium:javascriptEnabled: true, appium:locationContextEnabled: false, appium:loggingPrefs: {server: WARNING}, appium:networkConnectionEnabled: true, appium:pixelRatio: 1.75, appium:platformVersion: 12, appium:statBarHeight: 71, appium:takesScreenshot: true, appium:viewportRect: {height: 1294, left: 0, top: 71, width: 720}, appium:warnings: {}, appium:webStorageEnabled: true, platformName: android}
Session ID: ba0e7efe-d845-41ea-84f3-8277f36bfa72
	at java.base/jdk.internal.reflect.NativeConstructorAccessorImpl.newInstance0(Native Method)
	at java.base/jdk.internal.reflect.NativeConstructorAccessorImpl.newInstance(NativeConstructorAccessorImpl.java:77)
	at java.base/jdk.internal.reflect.DelegatingConstructorAccessorImpl.newInstance(DelegatingConstructorAccessorImpl.java:45)
	at java.base/java.lang.reflect.Constructor.newInstanceWithCaller(Constructor.java:499)
	at java.base/java.lang.reflect.Constructor.newInstance(Constructor.java:480)
	at org.openqa.selenium.remote.codec.w3c.W3CHttpResponseCodec.createException(W3CHttpResponseCodec.java:200)
	at org.openqa.selenium.remote.codec.w3c.W3CHttpResponseCodec.decode(W3CHttpResponseCodec.java:133)
	at org.openqa.selenium.remote.codec.w3c.W3CHttpResponseCodec.decode(W3CHttpResponseCodec.java:53)
	at org.openqa.selenium.remote.HttpCommandExecutor.execute(HttpCommandExecutor.java:184)
	at io.appium.java_client.remote.AppiumCommandExecutor.execute(AppiumCommandExecutor.java:180)
	at org.openqa.selenium.remote.RemoteWebDriver.execute(RemoteWebDriver.java:543)
	at org.openqa.selenium.remote.ElementLocation$ElementFinder$2.findElement(ElementLocation.java:162)
	at org.openqa.selenium.remote.ElementLocation.findElement(ElementLocation.java:60)
	at org.openqa.selenium.remote.RemoteWebDriver.findElement(RemoteWebDriver.java:367)
	at org.openqa.selenium.remote.RemoteWebDriver.findElement(RemoteWebDriver.java:359)
	at com.mobile.es.utils.GenericUtilsMobile.scrollleftoright(GenericUtilsMobile.java:157)
	at com.mobile.es.pages.LimitEnhancementPage.swipeFibecard(LimitEnhancementPage.java:22)
	at com.mobile.es.stepdefinations.LimitEnhancementStepDefinition.user_is_on_limit_enhancement_dashboard(LimitEnhancementStepDefinition.java:18)
	at ✽.User is on limit enhancement Dashboard(file:///C:/Users/Prayash/Cucumber/ES_Web_Automation/ES_Web_QA/es_web_automation/src/test/resources/features/LimitEnhancement.feature:49)
</div></td></tr></table><p class="totop"><a href="#summary">back to summary</a></p>
<h3 id="m1">com.mobile.es.runnerfiles.FibeMobileTestNGRunner#runScenario</h3><table class="result"><tr class="param"><th>Parameter #1</th><th>Parameter #2</th></tr><tr class="param stripe"><td>&quot;Complete first milestone/block (name,dob,employment)&quot;</td><td>&quot;LimitEnhancement&quot;</td></tr><tr><th colspan="2">Exception</th></tr><tr><td colspan="2"><div class="stacktrace">org.openqa.selenium.WebDriverException: An unknown server-side error occurred while processing the command. Original error: &apos;POST /element&apos; cannot be proxied to UiAutomator2 server because the instrumentation process is not running (probably crashed). Check the server log and/or the logcat output for more details
Build info: version: &apos;4.1.1&apos;, revision: &apos;e8fcc2cecf&apos;
System info: host: &apos;ES-PUN-LT-388&apos;, ip: &apos;192.168.35.49&apos;, os.name: &apos;Windows 10&apos;, os.arch: &apos;amd64&apos;, os.version: &apos;10.0&apos;, java.version: &apos;17.0.2&apos;
Driver info: io.appium.java_client.android.AndroidDriver
Command: [ba0e7efe-d845-41ea-84f3-8277f36bfa72, findElement {using=id, value=com.earlysalary.android:id/btnConfirmPan}]
Capabilities {appium:appActivity: ui.main.views.activities.Sp..., appium:appPackage: com.earlysalary.android, appium:autoGrantPermissions: true, appium:automationName: Appium, appium:databaseEnabled: false, appium:desired: {appActivity: ui.main.views.activities.Sp..., appPackage: com.earlysalary.android, autoGrantPermissions: true, automationName: Appium, loggingPrefs: {server: WARNING}, platformName: android, platformVersion: 12, webStorageEnabled: true}, appium:deviceApiLevel: 31, appium:deviceManufacturer: samsung, appium:deviceModel: SM-G975F, appium:deviceName: RZ8M316LQAL, appium:deviceScreenDensity: 280, appium:deviceScreenSize: 720x1520, appium:deviceUDID: RZ8M316LQAL, appium:javascriptEnabled: true, appium:locationContextEnabled: false, appium:loggingPrefs: {server: WARNING}, appium:networkConnectionEnabled: true, appium:pixelRatio: 1.75, appium:platformVersion: 12, appium:statBarHeight: 71, appium:takesScreenshot: true, appium:viewportRect: {height: 1294, left: 0, top: 71, width: 720}, appium:warnings: {}, appium:webStorageEnabled: true, platformName: android}
Session ID: ba0e7efe-d845-41ea-84f3-8277f36bfa72
	at java.base/jdk.internal.reflect.NativeConstructorAccessorImpl.newInstance0(Native Method)
	at java.base/jdk.internal.reflect.NativeConstructorAccessorImpl.newInstance(NativeConstructorAccessorImpl.java:77)
	at java.base/jdk.internal.reflect.DelegatingConstructorAccessorImpl.newInstance(DelegatingConstructorAccessorImpl.java:45)
	at java.base/java.lang.reflect.Constructor.newInstanceWithCaller(Constructor.java:499)
	at java.base/java.lang.reflect.Constructor.newInstance(Constructor.java:480)
	at org.openqa.selenium.remote.codec.w3c.W3CHttpResponseCodec.createException(W3CHttpResponseCodec.java:200)
	at org.openqa.selenium.remote.codec.w3c.W3CHttpResponseCodec.decode(W3CHttpResponseCodec.java:133)
	at org.openqa.selenium.remote.codec.w3c.W3CHttpResponseCodec.decode(W3CHttpResponseCodec.java:53)
	at org.openqa.selenium.remote.HttpCommandExecutor.execute(HttpCommandExecutor.java:184)
	at io.appium.java_client.remote.AppiumCommandExecutor.execute(AppiumCommandExecutor.java:180)
	at org.openqa.selenium.remote.RemoteWebDriver.execute(RemoteWebDriver.java:543)
	at org.openqa.selenium.remote.ElementLocation$ElementFinder$2.findElement(ElementLocation.java:162)
	at org.openqa.selenium.remote.ElementLocation.findElement(ElementLocation.java:60)
	at org.openqa.selenium.remote.RemoteWebDriver.findElement(RemoteWebDriver.java:367)
	at org.openqa.selenium.remote.RemoteWebDriver.findElement(RemoteWebDriver.java:359)
	at org.openqa.selenium.support.ui.ExpectedConditions$7.apply(ExpectedConditions.java:197)
	at org.openqa.selenium.support.ui.ExpectedConditions$7.apply(ExpectedConditions.java:193)
	at org.openqa.selenium.support.ui.FluentWait.until(FluentWait.java:208)
	at com.mobile.es.utils.GenericUtilsMobile.ElementToClick(GenericUtilsMobile.java:55)
	at com.mobile.es.pages.FirstMileStonePage.enterPan(FirstMileStonePage.java:118)
	at com.mobile.es.stepdefinations.FirstMilestoneMobileStepDefinition.user_should_be_asked_to_enter_or_it_should_be_fetched_from_nsdl(FirstMilestoneMobileStepDefinition.java:99)
	at ✽.user should be asked to enter APUPP7328P or it should be fetched from nsdl(file:///C:/Users/Prayash/Cucumber/ES_Web_Automation/ES_Web_QA/es_web_automation/src/test/resources/features/LimitEnhancement.feature:16)
</div></td></tr></table><p class="totop"><a href="#summary">back to summary</a></p>
<h3 id="m2">com.mobile.es.runnerfiles.FibeMobileTestNGRunner#runScenario</h3><table class="result"><tr class="param"><th>Parameter #1</th><th>Parameter #2</th></tr><tr class="param stripe"><td>&quot;Happy flow for Post-PAN&quot;</td><td>&quot;LimitEnhancement&quot;</td></tr><tr><th colspan="2">Exception</th></tr><tr><td colspan="2"><div class="stacktrace">org.openqa.selenium.WebDriverException: An unknown server-side error occurred while processing the command. Original error: &apos;POST /element&apos; cannot be proxied to UiAutomator2 server because the instrumentation process is not running (probably crashed). Check the server log and/or the logcat output for more details
Build info: version: &apos;4.1.1&apos;, revision: &apos;e8fcc2cecf&apos;
System info: host: &apos;ES-PUN-LT-388&apos;, ip: &apos;192.168.35.49&apos;, os.name: &apos;Windows 10&apos;, os.arch: &apos;amd64&apos;, os.version: &apos;10.0&apos;, java.version: &apos;17.0.2&apos;
Driver info: io.appium.java_client.android.AndroidDriver
Command: [ba0e7efe-d845-41ea-84f3-8277f36bfa72, findElement {using=id, value=com.earlysalary.android:id/btn_complete_personal_action}]
Capabilities {appium:appActivity: ui.main.views.activities.Sp..., appium:appPackage: com.earlysalary.android, appium:autoGrantPermissions: true, appium:automationName: Appium, appium:databaseEnabled: false, appium:desired: {appActivity: ui.main.views.activities.Sp..., appPackage: com.earlysalary.android, autoGrantPermissions: true, automationName: Appium, loggingPrefs: {server: WARNING}, platformName: android, platformVersion: 12, webStorageEnabled: true}, appium:deviceApiLevel: 31, appium:deviceManufacturer: samsung, appium:deviceModel: SM-G975F, appium:deviceName: RZ8M316LQAL, appium:deviceScreenDensity: 280, appium:deviceScreenSize: 720x1520, appium:deviceUDID: RZ8M316LQAL, appium:javascriptEnabled: true, appium:locationContextEnabled: false, appium:loggingPrefs: {server: WARNING}, appium:networkConnectionEnabled: true, appium:pixelRatio: 1.75, appium:platformVersion: 12, appium:statBarHeight: 71, appium:takesScreenshot: true, appium:viewportRect: {height: 1294, left: 0, top: 71, width: 720}, appium:warnings: {}, appium:webStorageEnabled: true, platformName: android}
Session ID: ba0e7efe-d845-41ea-84f3-8277f36bfa72
	at java.base/jdk.internal.reflect.NativeConstructorAccessorImpl.newInstance0(Native Method)
	at java.base/jdk.internal.reflect.NativeConstructorAccessorImpl.newInstance(NativeConstructorAccessorImpl.java:77)
	at java.base/jdk.internal.reflect.DelegatingConstructorAccessorImpl.newInstance(DelegatingConstructorAccessorImpl.java:45)
	at java.base/java.lang.reflect.Constructor.newInstanceWithCaller(Constructor.java:499)
	at java.base/java.lang.reflect.Constructor.newInstance(Constructor.java:480)
	at org.openqa.selenium.remote.codec.w3c.W3CHttpResponseCodec.createException(W3CHttpResponseCodec.java:200)
	at org.openqa.selenium.remote.codec.w3c.W3CHttpResponseCodec.decode(W3CHttpResponseCodec.java:133)
	at org.openqa.selenium.remote.codec.w3c.W3CHttpResponseCodec.decode(W3CHttpResponseCodec.java:53)
	at org.openqa.selenium.remote.HttpCommandExecutor.execute(HttpCommandExecutor.java:184)
	at io.appium.java_client.remote.AppiumCommandExecutor.execute(AppiumCommandExecutor.java:180)
	at org.openqa.selenium.remote.RemoteWebDriver.execute(RemoteWebDriver.java:543)
	at org.openqa.selenium.remote.ElementLocation$ElementFinder$2.findElement(ElementLocation.java:162)
	at org.openqa.selenium.remote.ElementLocation.findElement(ElementLocation.java:60)
	at org.openqa.selenium.remote.RemoteWebDriver.findElement(RemoteWebDriver.java:367)
	at org.openqa.selenium.remote.RemoteWebDriver.findElement(RemoteWebDriver.java:359)
	at org.openqa.selenium.support.ui.ExpectedConditions$7.apply(ExpectedConditions.java:197)
	at org.openqa.selenium.support.ui.ExpectedConditions$7.apply(ExpectedConditions.java:193)
	at org.openqa.selenium.support.ui.ExpectedConditions$22.apply(ExpectedConditions.java:631)
	at org.openqa.selenium.support.ui.ExpectedConditions$22.apply(ExpectedConditions.java:628)
	at org.openqa.selenium.support.ui.FluentWait.until(FluentWait.java:208)
	at com.mobile.es.utils.GenericUtilsMobile.explicitlyWaitForElement(GenericUtilsMobile.java:52)
	at com.mobile.es.pages.SecondMilestonePage.completeapplication(SecondMilestonePage.java:139)
	at com.mobile.es.stepdefinations.SecondMilestoneStepDefinition.user_is_on_postpan_screen(SecondMilestoneStepDefinition.java:31)
	at ✽.User is on Post-PAN screen(file:///C:/Users/Prayash/Cucumber/ES_Web_Automation/ES_Web_QA/es_web_automation/src/test/resources/features/LimitEnhancement.feature:26)
</div></td></tr></table><p class="totop"><a href="#summary">back to summary</a></p>
</body>
</html>
