<?xml version="1.0" encoding="UTF-8"?>
<testng-results ignored="0" total="3" passed="0" failed="3" skipped="0">
  <reporter-output>
  </reporter-output>
  <suite started-at="2023-03-21T16:45:52 IST" name="Default suite" finished-at="2023-03-21T16:48:22 IST" duration-ms="149243">
    <groups>
      <group name="cucumber">
        <method signature="AbstractTestNGCucumberTests.runScenario(io.cucumber.testng.PickleWrapper, io.cucumber.testng.FeatureWrapper)[pri:0, instance:com.mobile.es.runnerfiles.FibeMobileTestNGRunner@61544ae6]" name="runScenario" class="io.cucumber.testng.AbstractTestNGCucumberTests"/>
      </group> <!-- cucumber -->
    </groups>
    <test started-at="2023-03-21T16:45:52 IST" name="Default test" finished-at="2023-03-21T16:48:22 IST" duration-ms="149243">
      <class name="com.mobile.es.runnerfiles.FibeMobileTestNGRunner">
        <test-method is-config="true" signature="setUpClass(org.testng.ITestContext)[pri:0, instance:com.mobile.es.runnerfiles.FibeMobileTestNGRunner@61544ae6]" started-at="2023-03-21T16:45:52 IST" name="setUpClass" finished-at="2023-03-21T16:45:53 IST" duration-ms="763" status="PASS">
          <params>
            <param index="0">
              <value>
                <![CDATA[org.testng.TestRunner@11896af6]]>
              </value>
            </param>
          </params>
          <reporter-output>
          </reporter-output>
        </test-method> <!-- setUpClass -->
        <test-method signature="runScenario(io.cucumber.testng.PickleWrapper, io.cucumber.testng.FeatureWrapper)[pri:0, instance:com.mobile.es.runnerfiles.FibeMobileTestNGRunner@61544ae6]" started-at="2023-03-21T16:45:53 IST" name="runScenario" description="Runs Cucumber Scenarios" data-provider="scenarios" finished-at="2023-03-21T16:48:13 IST" duration-ms="140124" status="FAIL">
          <params>
            <param index="0">
              <value>
                <![CDATA["Complete first milestone/block (name,dob,employment)"]]>
              </value>
            </param>
            <param index="1">
              <value>
                <![CDATA["LimitEnhancement"]]>
              </value>
            </param>
          </params>
          <exception class="org.openqa.selenium.WebDriverException">
            <message>
              <![CDATA[An unknown server-side error occurred while processing the command. Original error: 'POST /element' cannot be proxied to UiAutomator2 server because the instrumentation process is not running (probably crashed). Check the server log and/or the logcat output for more details
Build info: version: '4.1.1', revision: 'e8fcc2cecf'
System info: host: 'ES-PUN-LT-388', ip: '192.168.35.49', os.name: 'Windows 10', os.arch: 'amd64', os.version: '10.0', java.version: '17.0.2'
Driver info: io.appium.java_client.android.AndroidDriver
Command: [ba0e7efe-d845-41ea-84f3-8277f36bfa72, findElement {using=id, value=com.earlysalary.android:id/btnConfirmPan}]
Capabilities {appium:appActivity: ui.main.views.activities.Sp..., appium:appPackage: com.earlysalary.android, appium:autoGrantPermissions: true, appium:automationName: Appium, appium:databaseEnabled: false, appium:desired: {appActivity: ui.main.views.activities.Sp..., appPackage: com.earlysalary.android, autoGrantPermissions: true, automationName: Appium, loggingPrefs: {server: WARNING}, platformName: android, platformVersion: 12, webStorageEnabled: true}, appium:deviceApiLevel: 31, appium:deviceManufacturer: samsung, appium:deviceModel: SM-G975F, appium:deviceName: RZ8M316LQAL, appium:deviceScreenDensity: 280, appium:deviceScreenSize: 720x1520, appium:deviceUDID: RZ8M316LQAL, appium:javascriptEnabled: true, appium:locationContextEnabled: false, appium:loggingPrefs: {server: WARNING}, appium:networkConnectionEnabled: true, appium:pixelRatio: 1.75, appium:platformVersion: 12, appium:statBarHeight: 71, appium:takesScreenshot: true, appium:viewportRect: {height: 1294, left: 0, top: 71, width: 720}, appium:warnings: {}, appium:webStorageEnabled: true, platformName: android}
Session ID: ba0e7efe-d845-41ea-84f3-8277f36bfa72]]>
            </message>
            <full-stacktrace>
              <![CDATA[org.openqa.selenium.WebDriverException: An unknown server-side error occurred while processing the command. Original error: 'POST /element' cannot be proxied to UiAutomator2 server because the instrumentation process is not running (probably crashed). Check the server log and/or the logcat output for more details
Build info: version: '4.1.1', revision: 'e8fcc2cecf'
System info: host: 'ES-PUN-LT-388', ip: '192.168.35.49', os.name: 'Windows 10', os.arch: 'amd64', os.version: '10.0', java.version: '17.0.2'
Driver info: io.appium.java_client.android.AndroidDriver
Command: [ba0e7efe-d845-41ea-84f3-8277f36bfa72, findElement {using=id, value=com.earlysalary.android:id/btnConfirmPan}]
Capabilities {appium:appActivity: ui.main.views.activities.Sp..., appium:appPackage: com.earlysalary.android, appium:autoGrantPermissions: true, appium:automationName: Appium, appium:databaseEnabled: false, appium:desired: {appActivity: ui.main.views.activities.Sp..., appPackage: com.earlysalary.android, autoGrantPermissions: true, automationName: Appium, loggingPrefs: {server: WARNING}, platformName: android, platformVersion: 12, webStorageEnabled: true}, appium:deviceApiLevel: 31, appium:deviceManufacturer: samsung, appium:deviceModel: SM-G975F, appium:deviceName: RZ8M316LQAL, appium:deviceScreenDensity: 280, appium:deviceScreenSize: 720x1520, appium:deviceUDID: RZ8M316LQAL, appium:javascriptEnabled: true, appium:locationContextEnabled: false, appium:loggingPrefs: {server: WARNING}, appium:networkConnectionEnabled: true, appium:pixelRatio: 1.75, appium:platformVersion: 12, appium:statBarHeight: 71, appium:takesScreenshot: true, appium:viewportRect: {height: 1294, left: 0, top: 71, width: 720}, appium:warnings: {}, appium:webStorageEnabled: true, platformName: android}
Session ID: ba0e7efe-d845-41ea-84f3-8277f36bfa72
at java.base/jdk.internal.reflect.NativeConstructorAccessorImpl.newInstance0(Native Method)
at java.base/jdk.internal.reflect.NativeConstructorAccessorImpl.newInstance(NativeConstructorAccessorImpl.java:77)
at java.base/jdk.internal.reflect.DelegatingConstructorAccessorImpl.newInstance(DelegatingConstructorAccessorImpl.java:45)
at java.base/java.lang.reflect.Constructor.newInstanceWithCaller(Constructor.java:499)
at java.base/java.lang.reflect.Constructor.newInstance(Constructor.java:480)
at org.openqa.selenium.remote.codec.w3c.W3CHttpResponseCodec.createException(W3CHttpResponseCodec.java:200)
at org.openqa.selenium.remote.codec.w3c.W3CHttpResponseCodec.decode(W3CHttpResponseCodec.java:133)
at org.openqa.selenium.remote.codec.w3c.W3CHttpResponseCodec.decode(W3CHttpResponseCodec.java:53)
at org.openqa.selenium.remote.HttpCommandExecutor.execute(HttpCommandExecutor.java:184)
at io.appium.java_client.remote.AppiumCommandExecutor.execute(AppiumCommandExecutor.java:180)
at org.openqa.selenium.remote.RemoteWebDriver.execute(RemoteWebDriver.java:543)
at org.openqa.selenium.remote.ElementLocation$ElementFinder$2.findElement(ElementLocation.java:162)
at org.openqa.selenium.remote.ElementLocation.findElement(ElementLocation.java:60)
at org.openqa.selenium.remote.RemoteWebDriver.findElement(RemoteWebDriver.java:367)
at org.openqa.selenium.remote.RemoteWebDriver.findElement(RemoteWebDriver.java:359)
at org.openqa.selenium.support.ui.ExpectedConditions$7.apply(ExpectedConditions.java:197)
at org.openqa.selenium.support.ui.ExpectedConditions$7.apply(ExpectedConditions.java:193)
at org.openqa.selenium.support.ui.FluentWait.until(FluentWait.java:208)
at com.mobile.es.utils.GenericUtilsMobile.ElementToClick(GenericUtilsMobile.java:55)
at com.mobile.es.pages.FirstMileStonePage.enterPan(FirstMileStonePage.java:118)
at com.mobile.es.stepdefinations.FirstMilestoneMobileStepDefinition.user_should_be_asked_to_enter_or_it_should_be_fetched_from_nsdl(FirstMilestoneMobileStepDefinition.java:99)
at ✽.user should be asked to enter APUPP7328P or it should be fetched from nsdl(file:///C:/Users/Prayash/Cucumber/ES_Web_Automation/ES_Web_QA/es_web_automation/src/test/resources/features/LimitEnhancement.feature:16)
]]>
            </full-stacktrace>
          </exception> <!-- org.openqa.selenium.WebDriverException -->
          <reporter-output>
          </reporter-output>
        </test-method> <!-- runScenario -->
        <test-method signature="runScenario(io.cucumber.testng.PickleWrapper, io.cucumber.testng.FeatureWrapper)[pri:0, instance:com.mobile.es.runnerfiles.FibeMobileTestNGRunner@61544ae6]" started-at="2023-03-21T16:48:13 IST" name="runScenario" description="Runs Cucumber Scenarios" data-provider="scenarios" finished-at="2023-03-21T16:48:13 IST" duration-ms="55" status="FAIL">
          <params>
            <param index="0">
              <value>
                <![CDATA["Happy flow for Post-PAN"]]>
              </value>
            </param>
            <param index="1">
              <value>
                <![CDATA["LimitEnhancement"]]>
              </value>
            </param>
          </params>
          <exception class="org.openqa.selenium.WebDriverException">
            <message>
              <![CDATA[An unknown server-side error occurred while processing the command. Original error: 'POST /element' cannot be proxied to UiAutomator2 server because the instrumentation process is not running (probably crashed). Check the server log and/or the logcat output for more details
Build info: version: '4.1.1', revision: 'e8fcc2cecf'
System info: host: 'ES-PUN-LT-388', ip: '192.168.35.49', os.name: 'Windows 10', os.arch: 'amd64', os.version: '10.0', java.version: '17.0.2'
Driver info: io.appium.java_client.android.AndroidDriver
Command: [ba0e7efe-d845-41ea-84f3-8277f36bfa72, findElement {using=id, value=com.earlysalary.android:id/btn_complete_personal_action}]
Capabilities {appium:appActivity: ui.main.views.activities.Sp..., appium:appPackage: com.earlysalary.android, appium:autoGrantPermissions: true, appium:automationName: Appium, appium:databaseEnabled: false, appium:desired: {appActivity: ui.main.views.activities.Sp..., appPackage: com.earlysalary.android, autoGrantPermissions: true, automationName: Appium, loggingPrefs: {server: WARNING}, platformName: android, platformVersion: 12, webStorageEnabled: true}, appium:deviceApiLevel: 31, appium:deviceManufacturer: samsung, appium:deviceModel: SM-G975F, appium:deviceName: RZ8M316LQAL, appium:deviceScreenDensity: 280, appium:deviceScreenSize: 720x1520, appium:deviceUDID: RZ8M316LQAL, appium:javascriptEnabled: true, appium:locationContextEnabled: false, appium:loggingPrefs: {server: WARNING}, appium:networkConnectionEnabled: true, appium:pixelRatio: 1.75, appium:platformVersion: 12, appium:statBarHeight: 71, appium:takesScreenshot: true, appium:viewportRect: {height: 1294, left: 0, top: 71, width: 720}, appium:warnings: {}, appium:webStorageEnabled: true, platformName: android}
Session ID: ba0e7efe-d845-41ea-84f3-8277f36bfa72]]>
            </message>
            <full-stacktrace>
              <![CDATA[org.openqa.selenium.WebDriverException: An unknown server-side error occurred while processing the command. Original error: 'POST /element' cannot be proxied to UiAutomator2 server because the instrumentation process is not running (probably crashed). Check the server log and/or the logcat output for more details
Build info: version: '4.1.1', revision: 'e8fcc2cecf'
System info: host: 'ES-PUN-LT-388', ip: '192.168.35.49', os.name: 'Windows 10', os.arch: 'amd64', os.version: '10.0', java.version: '17.0.2'
Driver info: io.appium.java_client.android.AndroidDriver
Command: [ba0e7efe-d845-41ea-84f3-8277f36bfa72, findElement {using=id, value=com.earlysalary.android:id/btn_complete_personal_action}]
Capabilities {appium:appActivity: ui.main.views.activities.Sp..., appium:appPackage: com.earlysalary.android, appium:autoGrantPermissions: true, appium:automationName: Appium, appium:databaseEnabled: false, appium:desired: {appActivity: ui.main.views.activities.Sp..., appPackage: com.earlysalary.android, autoGrantPermissions: true, automationName: Appium, loggingPrefs: {server: WARNING}, platformName: android, platformVersion: 12, webStorageEnabled: true}, appium:deviceApiLevel: 31, appium:deviceManufacturer: samsung, appium:deviceModel: SM-G975F, appium:deviceName: RZ8M316LQAL, appium:deviceScreenDensity: 280, appium:deviceScreenSize: 720x1520, appium:deviceUDID: RZ8M316LQAL, appium:javascriptEnabled: true, appium:locationContextEnabled: false, appium:loggingPrefs: {server: WARNING}, appium:networkConnectionEnabled: true, appium:pixelRatio: 1.75, appium:platformVersion: 12, appium:statBarHeight: 71, appium:takesScreenshot: true, appium:viewportRect: {height: 1294, left: 0, top: 71, width: 720}, appium:warnings: {}, appium:webStorageEnabled: true, platformName: android}
Session ID: ba0e7efe-d845-41ea-84f3-8277f36bfa72
at java.base/jdk.internal.reflect.NativeConstructorAccessorImpl.newInstance0(Native Method)
at java.base/jdk.internal.reflect.NativeConstructorAccessorImpl.newInstance(NativeConstructorAccessorImpl.java:77)
at java.base/jdk.internal.reflect.DelegatingConstructorAccessorImpl.newInstance(DelegatingConstructorAccessorImpl.java:45)
at java.base/java.lang.reflect.Constructor.newInstanceWithCaller(Constructor.java:499)
at java.base/java.lang.reflect.Constructor.newInstance(Constructor.java:480)
at org.openqa.selenium.remote.codec.w3c.W3CHttpResponseCodec.createException(W3CHttpResponseCodec.java:200)
at org.openqa.selenium.remote.codec.w3c.W3CHttpResponseCodec.decode(W3CHttpResponseCodec.java:133)
at org.openqa.selenium.remote.codec.w3c.W3CHttpResponseCodec.decode(W3CHttpResponseCodec.java:53)
at org.openqa.selenium.remote.HttpCommandExecutor.execute(HttpCommandExecutor.java:184)
at io.appium.java_client.remote.AppiumCommandExecutor.execute(AppiumCommandExecutor.java:180)
at org.openqa.selenium.remote.RemoteWebDriver.execute(RemoteWebDriver.java:543)
at org.openqa.selenium.remote.ElementLocation$ElementFinder$2.findElement(ElementLocation.java:162)
at org.openqa.selenium.remote.ElementLocation.findElement(ElementLocation.java:60)
at org.openqa.selenium.remote.RemoteWebDriver.findElement(RemoteWebDriver.java:367)
at org.openqa.selenium.remote.RemoteWebDriver.findElement(RemoteWebDriver.java:359)
at org.openqa.selenium.support.ui.ExpectedConditions$7.apply(ExpectedConditions.java:197)
at org.openqa.selenium.support.ui.ExpectedConditions$7.apply(ExpectedConditions.java:193)
at org.openqa.selenium.support.ui.ExpectedConditions$22.apply(ExpectedConditions.java:631)
at org.openqa.selenium.support.ui.ExpectedConditions$22.apply(ExpectedConditions.java:628)
at org.openqa.selenium.support.ui.FluentWait.until(FluentWait.java:208)
at com.mobile.es.utils.GenericUtilsMobile.explicitlyWaitForElement(GenericUtilsMobile.java:52)
at com.mobile.es.pages.SecondMilestonePage.completeapplication(SecondMilestonePage.java:139)
at com.mobile.es.stepdefinations.SecondMilestoneStepDefinition.user_is_on_postpan_screen(SecondMilestoneStepDefinition.java:31)
at ✽.User is on Post-PAN screen(file:///C:/Users/Prayash/Cucumber/ES_Web_Automation/ES_Web_QA/es_web_automation/src/test/resources/features/LimitEnhancement.feature:26)
]]>
            </full-stacktrace>
          </exception> <!-- org.openqa.selenium.WebDriverException -->
          <reporter-output>
          </reporter-output>
        </test-method> <!-- runScenario -->
        <test-method signature="runScenario(io.cucumber.testng.PickleWrapper, io.cucumber.testng.FeatureWrapper)[pri:0, instance:com.mobile.es.runnerfiles.FibeMobileTestNGRunner@61544ae6]" started-at="2023-03-21T16:48:13 IST" name="runScenario" description="Runs Cucumber Scenarios" data-provider="scenarios" finished-at="2023-03-21T16:48:14 IST" duration-ms="51" status="FAIL">
          <params>
            <param index="0">
              <value>
                <![CDATA["Happy flow for limit enhancement"]]>
              </value>
            </param>
            <param index="1">
              <value>
                <![CDATA["LimitEnhancement"]]>
              </value>
            </param>
          </params>
          <exception class="org.openqa.selenium.WebDriverException">
            <message>
              <![CDATA[An unknown server-side error occurred while processing the command. Original error: 'POST /element' cannot be proxied to UiAutomator2 server because the instrumentation process is not running (probably crashed). Check the server log and/or the logcat output for more details
Build info: version: '4.1.1', revision: 'e8fcc2cecf'
System info: host: 'ES-PUN-LT-388', ip: '192.168.35.49', os.name: 'Windows 10', os.arch: 'amd64', os.version: '10.0', java.version: '17.0.2'
Driver info: io.appium.java_client.android.AndroidDriver
Command: [ba0e7efe-d845-41ea-84f3-8277f36bfa72, findElement {using=xpath, value=//androidx.cardview.widget.CardView[@resource-id='com.earlysalary.android:id/card_complete_profile']}]
Capabilities {appium:appActivity: ui.main.views.activities.Sp..., appium:appPackage: com.earlysalary.android, appium:autoGrantPermissions: true, appium:automationName: Appium, appium:databaseEnabled: false, appium:desired: {appActivity: ui.main.views.activities.Sp..., appPackage: com.earlysalary.android, autoGrantPermissions: true, automationName: Appium, loggingPrefs: {server: WARNING}, platformName: android, platformVersion: 12, webStorageEnabled: true}, appium:deviceApiLevel: 31, appium:deviceManufacturer: samsung, appium:deviceModel: SM-G975F, appium:deviceName: RZ8M316LQAL, appium:deviceScreenDensity: 280, appium:deviceScreenSize: 720x1520, appium:deviceUDID: RZ8M316LQAL, appium:javascriptEnabled: true, appium:locationContextEnabled: false, appium:loggingPrefs: {server: WARNING}, appium:networkConnectionEnabled: true, appium:pixelRatio: 1.75, appium:platformVersion: 12, appium:statBarHeight: 71, appium:takesScreenshot: true, appium:viewportRect: {height: 1294, left: 0, top: 71, width: 720}, appium:warnings: {}, appium:webStorageEnabled: true, platformName: android}
Session ID: ba0e7efe-d845-41ea-84f3-8277f36bfa72]]>
            </message>
            <full-stacktrace>
              <![CDATA[org.openqa.selenium.WebDriverException: An unknown server-side error occurred while processing the command. Original error: 'POST /element' cannot be proxied to UiAutomator2 server because the instrumentation process is not running (probably crashed). Check the server log and/or the logcat output for more details
Build info: version: '4.1.1', revision: 'e8fcc2cecf'
System info: host: 'ES-PUN-LT-388', ip: '192.168.35.49', os.name: 'Windows 10', os.arch: 'amd64', os.version: '10.0', java.version: '17.0.2'
Driver info: io.appium.java_client.android.AndroidDriver
Command: [ba0e7efe-d845-41ea-84f3-8277f36bfa72, findElement {using=xpath, value=//androidx.cardview.widget.CardView[@resource-id='com.earlysalary.android:id/card_complete_profile']}]
Capabilities {appium:appActivity: ui.main.views.activities.Sp..., appium:appPackage: com.earlysalary.android, appium:autoGrantPermissions: true, appium:automationName: Appium, appium:databaseEnabled: false, appium:desired: {appActivity: ui.main.views.activities.Sp..., appPackage: com.earlysalary.android, autoGrantPermissions: true, automationName: Appium, loggingPrefs: {server: WARNING}, platformName: android, platformVersion: 12, webStorageEnabled: true}, appium:deviceApiLevel: 31, appium:deviceManufacturer: samsung, appium:deviceModel: SM-G975F, appium:deviceName: RZ8M316LQAL, appium:deviceScreenDensity: 280, appium:deviceScreenSize: 720x1520, appium:deviceUDID: RZ8M316LQAL, appium:javascriptEnabled: true, appium:locationContextEnabled: false, appium:loggingPrefs: {server: WARNING}, appium:networkConnectionEnabled: true, appium:pixelRatio: 1.75, appium:platformVersion: 12, appium:statBarHeight: 71, appium:takesScreenshot: true, appium:viewportRect: {height: 1294, left: 0, top: 71, width: 720}, appium:warnings: {}, appium:webStorageEnabled: true, platformName: android}
Session ID: ba0e7efe-d845-41ea-84f3-8277f36bfa72
at java.base/jdk.internal.reflect.NativeConstructorAccessorImpl.newInstance0(Native Method)
at java.base/jdk.internal.reflect.NativeConstructorAccessorImpl.newInstance(NativeConstructorAccessorImpl.java:77)
at java.base/jdk.internal.reflect.DelegatingConstructorAccessorImpl.newInstance(DelegatingConstructorAccessorImpl.java:45)
at java.base/java.lang.reflect.Constructor.newInstanceWithCaller(Constructor.java:499)
at java.base/java.lang.reflect.Constructor.newInstance(Constructor.java:480)
at org.openqa.selenium.remote.codec.w3c.W3CHttpResponseCodec.createException(W3CHttpResponseCodec.java:200)
at org.openqa.selenium.remote.codec.w3c.W3CHttpResponseCodec.decode(W3CHttpResponseCodec.java:133)
at org.openqa.selenium.remote.codec.w3c.W3CHttpResponseCodec.decode(W3CHttpResponseCodec.java:53)
at org.openqa.selenium.remote.HttpCommandExecutor.execute(HttpCommandExecutor.java:184)
at io.appium.java_client.remote.AppiumCommandExecutor.execute(AppiumCommandExecutor.java:180)
at org.openqa.selenium.remote.RemoteWebDriver.execute(RemoteWebDriver.java:543)
at org.openqa.selenium.remote.ElementLocation$ElementFinder$2.findElement(ElementLocation.java:162)
at org.openqa.selenium.remote.ElementLocation.findElement(ElementLocation.java:60)
at org.openqa.selenium.remote.RemoteWebDriver.findElement(RemoteWebDriver.java:367)
at org.openqa.selenium.remote.RemoteWebDriver.findElement(RemoteWebDriver.java:359)
at com.mobile.es.utils.GenericUtilsMobile.scrollleftoright(GenericUtilsMobile.java:157)
at com.mobile.es.pages.LimitEnhancementPage.swipeFibecard(LimitEnhancementPage.java:22)
at com.mobile.es.stepdefinations.LimitEnhancementStepDefinition.user_is_on_limit_enhancement_dashboard(LimitEnhancementStepDefinition.java:18)
at ✽.User is on limit enhancement Dashboard(file:///C:/Users/Prayash/Cucumber/ES_Web_Automation/ES_Web_QA/es_web_automation/src/test/resources/features/LimitEnhancement.feature:49)
]]>
            </full-stacktrace>
          </exception> <!-- org.openqa.selenium.WebDriverException -->
          <reporter-output>
          </reporter-output>
        </test-method> <!-- runScenario -->
        <test-method is-config="true" signature="tearDownClass()[pri:0, instance:com.mobile.es.runnerfiles.FibeMobileTestNGRunner@61544ae6]" started-at="2023-03-21T16:48:14 IST" name="tearDownClass" finished-at="2023-03-21T16:48:22 IST" duration-ms="8130" status="PASS">
          <reporter-output>
          </reporter-output>
        </test-method> <!-- tearDownClass -->
      </class> <!-- com.mobile.es.runnerfiles.FibeMobileTestNGRunner -->
    </test> <!-- Default test -->
  </suite> <!-- Default suite -->
</testng-results>
