<?xml version="1.0" encoding="UTF-8"?>
<testng-results ignored="0" total="3" passed="3" failed="0" skipped="0">
  <reporter-output>
  </reporter-output>
  <suite started-at="2022-07-19T15:22:22 IST" name="Suite" finished-at="2022-07-19T15:22:49 IST" duration-ms="26342">
    <groups>
      <group name="cucumber">
        <method signature="AbstractTestNGCucumberTests.runScenario(io.cucumber.testng.PickleWrapper,io.cucumber.testng.FeatureWrapper)[pri:0, instance:com.web.es.runnerfiles.EsWebTestRunner@79e4c792]" name="runScenario" class="io.cucumber.testng.AbstractTestNGCucumberTests"/>
      </group> <!-- cucumber -->
    </groups>
    <test started-at="2022-07-19T15:22:22 IST" name="Test" finished-at="2022-07-19T15:22:49 IST" duration-ms="26342">
      <class name="com.web.es.runnerfiles.EsWebTestRunner">
        <test-method is-config="true" signature="setUpClass(org.testng.ITestContext)[pri:0, instance:com.web.es.runnerfiles.EsWebTestRunner@79e4c792]" started-at="2022-07-19T15:22:22 IST" name="setUpClass" finished-at="2022-07-19T15:22:24 IST" duration-ms="1462" status="PASS">
          <params>
            <param index="0">
              <value>
                <![CDATA[org.testng.TestRunner@6ad7a305]]>
              </value>
            </param>
          </params>
          <reporter-output>
          </reporter-output>
        </test-method> <!-- setUpClass -->
        <test-method signature="runScenario(io.cucumber.testng.PickleWrapper,io.cucumber.testng.FeatureWrapper)[pri:0, instance:com.web.es.runnerfiles.EsWebTestRunner@79e4c792]" started-at="2022-07-19T15:22:24 IST" name="runScenario" description="Runs Cucumber Scenarios" data-provider="scenarios" finished-at="2022-07-19T15:22:42 IST" duration-ms="17838" status="PASS">
          <params>
            <param index="0">
              <value>
                <![CDATA["Login with valid credentials"]]>
              </value>
            </param>
            <param index="1">
              <value>
                <![CDATA["Verify Web Journey"]]>
              </value>
            </param>
          </params>
          <reporter-output>
          </reporter-output>
        </test-method> <!-- runScenario -->
        <test-method signature="runScenario(io.cucumber.testng.PickleWrapper,io.cucumber.testng.FeatureWrapper)[pri:0, instance:com.web.es.runnerfiles.EsWebTestRunner@79e4c792]" started-at="2022-07-19T15:22:42 IST" name="runScenario" description="Runs Cucumber Scenarios" data-provider="scenarios" finished-at="2022-07-19T15:22:42 IST" duration-ms="339" status="PASS">
          <params>
            <param index="0">
              <value>
                <![CDATA["User enter the basic details in form"]]>
              </value>
            </param>
            <param index="1">
              <value>
                <![CDATA["Verify Web Journey"]]>
              </value>
            </param>
          </params>
          <reporter-output>
          </reporter-output>
        </test-method> <!-- runScenario -->
        <test-method signature="runScenario(io.cucumber.testng.PickleWrapper,io.cucumber.testng.FeatureWrapper)[pri:0, instance:com.web.es.runnerfiles.EsWebTestRunner@79e4c792]" started-at="2022-07-19T15:22:42 IST" name="runScenario" description="Runs Cucumber Scenarios" data-provider="scenarios" finished-at="2022-07-19T15:22:43 IST" duration-ms="723" status="PASS">
          <params>
            <param index="0">
              <value>
                <![CDATA["Close the application"]]>
              </value>
            </param>
            <param index="1">
              <value>
                <![CDATA["Verify Web Journey"]]>
              </value>
            </param>
          </params>
          <reporter-output>
          </reporter-output>
        </test-method> <!-- runScenario -->
        <test-method is-config="true" signature="tearDownClass()[pri:0, instance:com.web.es.runnerfiles.EsWebTestRunner@79e4c792]" started-at="2022-07-19T15:22:43 IST" name="tearDownClass" finished-at="2022-07-19T15:22:49 IST" duration-ms="5923" status="PASS">
          <reporter-output>
          </reporter-output>
        </test-method> <!-- tearDownClass -->
      </class> <!-- com.web.es.runnerfiles.EsWebTestRunner -->
    </test> <!-- Test -->
  </suite> <!-- Suite -->
</testng-results>
